============================= test session starts =============================
platform win32 -- Python 3.13.9, pytest-8.4.2, pluggy-1.5.0 -- C:\Users\35143\anaconda3\python.exe
cachedir: .pytest_cache
rootdir: C:\AutoOS\OS1
configfile: pyproject.toml
testpaths: tests
plugins: anyio-4.10.0
collecting ... collected 43 items

tests/test_bulge_geometry.py::test_bulge_001_positive_90_deg_arc PASSED  [  2%]
tests/test_bulge_geometry.py::test_bulge_002_negative_90_deg_arc PASSED  [  4%]
tests/test_bulge_geometry.py::test_bulge_003_multiple_bulge_segments PASSED [  6%]
tests/test_bulge_geometry.py::test_bulge_004_arc_greater_than_180_deg PASSED [  9%]
tests/test_bulge_geometry.py::test_bulge_005_mixed_straight_and_curved_boundary PASSED [ 11%]
tests/test_bulge_geometry.py::test_bulge_006_clockwise_vs_counter_clockwise_equivalence PASSED [ 13%]
tests/test_bulge_geometry.py::test_bulge_007_closed_curved_capsule_parcel PASSED [ 16%]
tests/test_gis_bridge.py::test_geojson_export_valid_parcels PASSED       [ 18%]
tests/test_gis_bridge.py::test_geojson_export_empty_geometry PASSED      [ 20%]
tests/test_gis_bridge.py::test_geojson_import_to_dxf PASSED              [ 23%]
tests/test_gis_bridge.py::test_geojson_import_path_collision PASSED      [ 25%]
tests/test_gis_bridge.py::test_cad_gis_cad_roundtrip PASSED              [ 27%]
tests/test_layer_manager.py::test_template_generation PASSED             [ 30%]
tests/test_layer_manager.py::test_layer_alias_mapping PASSED             [ 32%]
tests/test_layer_manager.py::test_standardize_dxf_layers PASSED          [ 34%]
tests/test_parcel_calculator.py::test_t01_square_parcel PASSED           [ 37%]
tests/test_parcel_calculator.py::test_t02_rectangle_parcel PASSED        [ 39%]
tests/test_parcel_calculator.py::test_t03_open_polyline PASSED           [ 41%]
tests/test_parcel_calculator.py::test_t04_self_intersecting_polyline PASSED [ 44%]
tests/test_parcel_calculator.py::test_gs_003_setback PASSED              [ 46%]
tests/test_parcel_calculator.py::test_fewer_than_3_vertices PASSED       [ 48%]
tests/test_parcel_calculator.py::test_zero_area_polygon PASSED           [ 51%]
tests/test_parcel_calculator.py::test_l_shaped_polygon_interior_point PASSED [ 53%]
tests/test_parcel_calculator.py::test_config_loader_default PASSED       [ 55%]
tests/test_parcel_calculator.py::test_config_loader_custom_path PASSED   [ 58%]
tests/test_parcel_calculator.py::test_config_loader_missing_file PASSED  [ 60%]
tests/test_parcel_calculator.py::test_end_to_end_dxf_processing PASSED   [ 62%]
tests/test_parcel_calculator.py::test_multi_parcel_deterministic_numbering PASSED [ 65%]
tests/test_parcel_calculator.py::test_dxf_writer_isolation PASSED        [ 67%]
tests/test_parcel_calculator.py::test_ring_001_nested_ring_prevents_false_sum PASSED [ 69%]
tests/test_parcel_calculator.py::test_ring_002_disjoint_parcels_remain_valid PASSED [ 72%]
tests/test_parcel_calculator.py::test_ring_003_polygon_contains_polygon_triggers_nested PASSED [ 74%]
tests/test_parcel_calculator.py::test_ring_004_touching_boundaries_not_hole PASSED [ 76%]
tests/test_parcel_calculator.py::test_ring_005_three_adjacent_parcels PASSED [ 79%]
tests/test_parcel_calculator.py::test_safe_001_path_collision_forbidden PASSED [ 81%]
tests/test_parcel_calculator.py::test_safe_002_normal_different_output_path PASSED [ 83%]
tests/test_parcel_calculator.py::test_safe_003_sha256_hash_match_before_after PASSED [ 86%]
tests/test_units.py::test_t08_unknown_unit_handling PASSED               [ 88%]
tests/test_units.py::test_unit_001_dxf_reader_unspecified_unit_failsafe PASSED [ 90%]
tests/test_units.py::test_unit_002_dxf_reader_explicit_fallback PASSED   [ 93%]
tests/test_units.py::test_unit_003_dxf_reader_known_unit PASSED          [ 95%]
tests/test_units.py::test_unit_004_process_parcels_empty_config_failsafe PASSED [ 97%]
tests/test_units.py::test_unit_005_no_silent_meter_assumption PASSED     [100%]

============================= 43 passed in 1.55s ==============================
